<?xml version="1.0" encoding="UTF-8"?>
<testsuite xmlns:xsi="http://www.w3.org/2001/XMLSchema-instance" xsi:noNamespaceSchemaLocation="https://maven.apache.org/surefire/maven-surefire-plugin/xsd/surefire-test-report-3.0.xsd" version="3.0" name="com.openclassrooms.tourguide.TestRewardsService" time="7.78" tests="3" errors="0" skipped="0" failures="0">
  <properties>
    <property name="java.specification.version" value="17"/>
    <property name="sun.cpu.isalist" value="amd64"/>
    <property name="sun.jnu.encoding" value="Cp1252"/>
    <property name="java.class.path" value="c:\Users\wanha\Desktop\PROJET\OPENCLASSROOM\08 - Améliorez votre application avec des systèmes distribués\Java\target\test-classes;c:\Users\wanha\Desktop\PROJET\OPENCLASSROOM\08 - Améliorez votre application avec des systèmes distribués\Java\target\classes;C:\Users\wanha\.m2\repository\org\springframework\boot\spring-boot-starter-actuator\3.1.1\spring-boot-starter-actuator-3.1.1.jar;C:\Users\wanha\.m2\repository\org\springframework\boot\spring-boot-starter\3.1.1\spring-boot-starter-3.1.1.jar;C:\Users\wanha\.m2\repository\org\springframework\boot\spring-boot\3.1.1\spring-boot-3.1.1.jar;C:\Users\wanha\.m2\repository\org\springframework\boot\spring-boot-autoconfigure\3.1.1\spring-boot-autoconfigure-3.1.1.jar;C:\Users\wanha\.m2\repository\org\springframework\boot\spring-boot-starter-logging\3.1.1\spring-boot-starter-logging-3.1.1.jar;C:\Users\wanha\.m2\repository\ch\qos\logback\logback-classic\1.4.8\logback-classic-1.4.8.jar;C:\Users\wanha\.m2\repository\ch\qos\logback\logback-core\1.4.8\logback-core-1.4.8.jar;C:\Users\wanha\.m2\repository\org\apache\logging\log4j\log4j-to-slf4j\2.20.0\log4j-to-slf4j-2.20.0.jar;C:\Users\wanha\.m2\repository\org\apache\logging\log4j\log4j-api\2.20.0\log4j-api-2.20.0.jar;C:\Users\wanha\.m2\repository\org\slf4j\jul-to-slf4j\2.0.7\jul-to-slf4j-2.0.7.jar;C:\Users\wanha\.m2\repository\jakarta\annotation\jakarta.annotation-api\2.1.1\jakarta.annotation-api-2.1.1.jar;C:\Users\wanha\.m2\repository\org\yaml\snakeyaml\1.33\snakeyaml-1.33.jar;C:\Users\wanha\.m2\repository\org\springframework\boot\spring-boot-actuator-autoconfigure\3.1.1\spring-boot-actuator-autoconfigure-3.1.1.jar;C:\Users\wanha\.m2\repository\org\springframework\boot\spring-boot-actuator\3.1.1\spring-boot-actuator-3.1.1.jar;C:\Users\wanha\.m2\repository\com\fasterxml\jackson\core\jackson-databind\2.15.2\jackson-databind-2.15.2.jar;C:\Users\wanha\.m2\repository\com\fasterxml\jackson\core\jackson-annotations\2.15.2\jackson-annotations-2.15.2.jar;C:\Users\wanha\.m2\repository\com\fasterxml\jackson\core\jackson-core\2.15.2\jackson-core-2.15.2.jar;C:\Users\wanha\.m2\repository\com\fasterxml\jackson\datatype\jackson-datatype-jsr310\2.15.2\jackson-datatype-jsr310-2.15.2.jar;C:\Users\wanha\.m2\repository\io\micrometer\micrometer-observation\1.11.1\micrometer-observation-1.11.1.jar;C:\Users\wanha\.m2\repository\io\micrometer\micrometer-commons\1.11.1\micrometer-commons-1.11.1.jar;C:\Users\wanha\.m2\repository\io\micrometer\micrometer-core\1.11.1\micrometer-core-1.11.1.jar;C:\Users\wanha\.m2\repository\org\hdrhistogram\HdrHistogram\2.1.12\HdrHistogram-2.1.12.jar;C:\Users\wanha\.m2\repository\org\latencyutils\LatencyUtils\2.0.3\LatencyUtils-2.0.3.jar;C:\Users\wanha\.m2\repository\org\springframework\boot\spring-boot-starter-validation\3.1.1\spring-boot-starter-validation-3.1.1.jar;C:\Users\wanha\.m2\repository\org\apache\tomcat\embed\tomcat-embed-el\10.1.10\tomcat-embed-el-10.1.10.jar;C:\Users\wanha\.m2\repository\org\hibernate\validator\hibernate-validator\8.0.0.Final\hibernate-validator-8.0.0.Final.jar;C:\Users\wanha\.m2\repository\jakarta\validation\jakarta.validation-api\3.0.2\jakarta.validation-api-3.0.2.jar;C:\Users\wanha\.m2\repository\org\jboss\logging\jboss-logging\3.5.1.Final\jboss-logging-3.5.1.Final.jar;C:\Users\wanha\.m2\repository\com\fasterxml\classmate\1.5.1\classmate-1.5.1.jar;C:\Users\wanha\.m2\repository\org\springframework\boot\spring-boot-starter-web\3.1.1\spring-boot-starter-web-3.1.1.jar;C:\Users\wanha\.m2\repository\org\springframework\boot\spring-boot-starter-json\3.1.1\spring-boot-starter-json-3.1.1.jar;C:\Users\wanha\.m2\repository\com\fasterxml\jackson\datatype\jackson-datatype-jdk8\2.15.2\jackson-datatype-jdk8-2.15.2.jar;C:\Users\wanha\.m2\repository\com\fasterxml\jackson\module\jackson-module-parameter-names\2.15.2\jackson-module-parameter-names-2.15.2.jar;C:\Users\wanha\.m2\repository\org\springframework\boot\spring-boot-starter-tomcat\3.1.1\spring-boot-starter-tomcat-3.1.1.jar;C:\Users\wanha\.m2\repository\org\apache\tomcat\embed\tomcat-embed-core\10.1.10\tomcat-embed-core-10.1.10.jar;C:\Users\wanha\.m2\repository\org\apache\tomcat\embed\tomcat-embed-websocket\10.1.10\tomcat-embed-websocket-10.1.10.jar;C:\Users\wanha\.m2\repository\org\springframework\spring-web\6.0.10\spring-web-6.0.10.jar;C:\Users\wanha\.m2\repository\org\springframework\spring-beans\6.0.10\spring-beans-6.0.10.jar;C:\Users\wanha\.m2\repository\org\springframework\spring-webmvc\6.0.10\spring-webmvc-6.0.10.jar;C:\Users\wanha\.m2\repository\org\springframework\spring-aop\6.0.10\spring-aop-6.0.10.jar;C:\Users\wanha\.m2\repository\org\springframework\spring-context\6.0.10\spring-context-6.0.10.jar;C:\Users\wanha\.m2\repository\org\springframework\spring-expression\6.0.10\spring-expression-6.0.10.jar;C:\Users\wanha\.m2\repository\org\springframework\boot\spring-boot-starter-test\3.1.1\spring-boot-starter-test-3.1.1.jar;C:\Users\wanha\.m2\repository\org\springframework\boot\spring-boot-test\3.1.1\spring-boot-test-3.1.1.jar;C:\Users\wanha\.m2\repository\org\springframework\boot\spring-boot-test-autoconfigure\3.1.1\spring-boot-test-autoconfigure-3.1.1.jar;C:\Users\wanha\.m2\repository\com\jayway\jsonpath\json-path\2.8.0\json-path-2.8.0.jar;C:\Users\wanha\.m2\repository\org\slf4j\slf4j-api\2.0.7\slf4j-api-2.0.7.jar;C:\Users\wanha\.m2\repository\jakarta\xml\bind\jakarta.xml.bind-api\4.0.0\jakarta.xml.bind-api-4.0.0.jar;C:\Users\wanha\.m2\repository\jakarta\activation\jakarta.activation-api\2.1.2\jakarta.activation-api-2.1.2.jar;C:\Users\wanha\.m2\repository\net\minidev\json-smart\2.4.11\json-smart-2.4.11.jar;C:\Users\wanha\.m2\repository\net\minidev\accessors-smart\2.4.11\accessors-smart-2.4.11.jar;C:\Users\wanha\.m2\repository\org\ow2\asm\asm\9.3\asm-9.3.jar;C:\Users\wanha\.m2\repository\org\assertj\assertj-core\3.24.2\assertj-core-3.24.2.jar;C:\Users\wanha\.m2\repository\net\bytebuddy\byte-buddy\1.14.5\byte-buddy-1.14.5.jar;C:\Users\wanha\.m2\repository\org\hamcrest\hamcrest\2.2\hamcrest-2.2.jar;C:\Users\wanha\.m2\repository\org\junit\jupiter\junit-jupiter\5.9.3\junit-jupiter-5.9.3.jar;C:\Users\wanha\.m2\repository\org\junit\jupiter\junit-jupiter-params\5.9.3\junit-jupiter-params-5.9.3.jar;C:\Users\wanha\.m2\repository\org\junit\jupiter\junit-jupiter-engine\5.9.3\junit-jupiter-engine-5.9.3.jar;C:\Users\wanha\.m2\repository\org\junit\platform\junit-platform-engine\1.9.3\junit-platform-engine-1.9.3.jar;C:\Users\wanha\.m2\repository\org\mockito\mockito-core\5.3.1\mockito-core-5.3.1.jar;C:\Users\wanha\.m2\repository\net\bytebuddy\byte-buddy-agent\1.14.5\byte-buddy-agent-1.14.5.jar;C:\Users\wanha\.m2\repository\org\objenesis\objenesis\3.3\objenesis-3.3.jar;C:\Users\wanha\.m2\repository\org\mockito\mockito-junit-jupiter\5.3.1\mockito-junit-jupiter-5.3.1.jar;C:\Users\wanha\.m2\repository\org\skyscreamer\jsonassert\1.5.1\jsonassert-1.5.1.jar;C:\Users\wanha\.m2\repository\com\vaadin\external\google\android-json\0.0.20131108.vaadin1\android-json-0.0.20131108.vaadin1.jar;C:\Users\wanha\.m2\repository\org\springframework\spring-core\6.0.10\spring-core-6.0.10.jar;C:\Users\wanha\.m2\repository\org\springframework\spring-jcl\6.0.10\spring-jcl-6.0.10.jar;C:\Users\wanha\.m2\repository\org\springframework\spring-test\6.0.10\spring-test-6.0.10.jar;C:\Users\wanha\.m2\repository\org\xmlunit\xmlunit-core\2.9.1\xmlunit-core-2.9.1.jar;C:\Users\wanha\.m2\repository\org\apache\commons\commons-lang3\3.12.0\commons-lang3-3.12.0.jar;C:\Users\wanha\.m2\repository\org\junit\jupiter\junit-jupiter-api\5.9.3\junit-jupiter-api-5.9.3.jar;C:\Users\wanha\.m2\repository\org\opentest4j\opentest4j\1.2.0\opentest4j-1.2.0.jar;C:\Users\wanha\.m2\repository\org\junit\platform\junit-platform-commons\1.9.3\junit-platform-commons-1.9.3.jar;C:\Users\wanha\.m2\repository\org\apiguardian\apiguardian-api\1.1.2\apiguardian-api-1.1.2.jar;c:\Users\wanha\Desktop\PROJET\OPENCLASSROOM\08 - Améliorez votre application avec des systèmes distribués\Java\libs\gpsUtil.jar;c:\Users\wanha\Desktop\PROJET\OPENCLASSROOM\08 - Améliorez votre application avec des systèmes distribués\Java\libs\tripPricer.jar;c:\Users\wanha\Desktop\PROJET\OPENCLASSROOM\08 - Améliorez votre application avec des systèmes distribués\Java\libs\RewardCentral.jar;"/>
    <property name="java.vm.vendor" value="Oracle Corporation"/>
    <property name="sun.arch.data.model" value="64"/>
    <property name="user.variant" value=""/>
    <property name="java.vendor.url" value="https://java.oracle.com/"/>
    <property name="user.timezone" value="Europe/Paris"/>
    <property name="os.name" value="Windows 10"/>
    <property name="java.vm.specification.version" value="17"/>
    <property name="sun.java.launcher" value="SUN_STANDARD"/>
    <property name="user.country" value="FR"/>
    <property name="sun.boot.library.path" value="C:\Program Files\Java\jdk-17\bin"/>
    <property name="sun.java.command" value="C:\Users\wanha\AppData\Local\Temp\surefire8975729790717644023\surefirebooter-20250526120907092_3.jar C:\Users\wanha\AppData\Local\Temp\surefire8975729790717644023 2025-05-26T12-09-06_959-jvmRun1 surefire-20250526120907092_1tmp surefire_0-20250526120907092_2tmp"/>
    <property name="jdk.debug" value="release"/>
    <property name="surefire.test.class.path" value="c:\Users\wanha\Desktop\PROJET\OPENCLASSROOM\08 - Améliorez votre application avec des systèmes distribués\Java\target\test-classes;c:\Users\wanha\Desktop\PROJET\OPENCLASSROOM\08 - Améliorez votre application avec des systèmes distribués\Java\target\classes;C:\Users\wanha\.m2\repository\org\springframework\boot\spring-boot-starter-actuator\3.1.1\spring-boot-starter-actuator-3.1.1.jar;C:\Users\wanha\.m2\repository\org\springframework\boot\spring-boot-starter\3.1.1\spring-boot-starter-3.1.1.jar;C:\Users\wanha\.m2\repository\org\springframework\boot\spring-boot\3.1.1\spring-boot-3.1.1.jar;C:\Users\wanha\.m2\repository\org\springframework\boot\spring-boot-autoconfigure\3.1.1\spring-boot-autoconfigure-3.1.1.jar;C:\Users\wanha\.m2\repository\org\springframework\boot\spring-boot-starter-logging\3.1.1\spring-boot-starter-logging-3.1.1.jar;C:\Users\wanha\.m2\repository\ch\qos\logback\logback-classic\1.4.8\logback-classic-1.4.8.jar;C:\Users\wanha\.m2\repository\ch\qos\logback\logback-core\1.4.8\logback-core-1.4.8.jar;C:\Users\wanha\.m2\repository\org\apache\logging\log4j\log4j-to-slf4j\2.20.0\log4j-to-slf4j-2.20.0.jar;C:\Users\wanha\.m2\repository\org\apache\logging\log4j\log4j-api\2.20.0\log4j-api-2.20.0.jar;C:\Users\wanha\.m2\repository\org\slf4j\jul-to-slf4j\2.0.7\jul-to-slf4j-2.0.7.jar;C:\Users\wanha\.m2\repository\jakarta\annotation\jakarta.annotation-api\2.1.1\jakarta.annotation-api-2.1.1.jar;C:\Users\wanha\.m2\repository\org\yaml\snakeyaml\1.33\snakeyaml-1.33.jar;C:\Users\wanha\.m2\repository\org\springframework\boot\spring-boot-actuator-autoconfigure\3.1.1\spring-boot-actuator-autoconfigure-3.1.1.jar;C:\Users\wanha\.m2\repository\org\springframework\boot\spring-boot-actuator\3.1.1\spring-boot-actuator-3.1.1.jar;C:\Users\wanha\.m2\repository\com\fasterxml\jackson\core\jackson-databind\2.15.2\jackson-databind-2.15.2.jar;C:\Users\wanha\.m2\repository\com\fasterxml\jackson\core\jackson-annotations\2.15.2\jackson-annotations-2.15.2.jar;C:\Users\wanha\.m2\repository\com\fasterxml\jackson\core\jackson-core\2.15.2\jackson-core-2.15.2.jar;C:\Users\wanha\.m2\repository\com\fasterxml\jackson\datatype\jackson-datatype-jsr310\2.15.2\jackson-datatype-jsr310-2.15.2.jar;C:\Users\wanha\.m2\repository\io\micrometer\micrometer-observation\1.11.1\micrometer-observation-1.11.1.jar;C:\Users\wanha\.m2\repository\io\micrometer\micrometer-commons\1.11.1\micrometer-commons-1.11.1.jar;C:\Users\wanha\.m2\repository\io\micrometer\micrometer-core\1.11.1\micrometer-core-1.11.1.jar;C:\Users\wanha\.m2\repository\org\hdrhistogram\HdrHistogram\2.1.12\HdrHistogram-2.1.12.jar;C:\Users\wanha\.m2\repository\org\latencyutils\LatencyUtils\2.0.3\LatencyUtils-2.0.3.jar;C:\Users\wanha\.m2\repository\org\springframework\boot\spring-boot-starter-validation\3.1.1\spring-boot-starter-validation-3.1.1.jar;C:\Users\wanha\.m2\repository\org\apache\tomcat\embed\tomcat-embed-el\10.1.10\tomcat-embed-el-10.1.10.jar;C:\Users\wanha\.m2\repository\org\hibernate\validator\hibernate-validator\8.0.0.Final\hibernate-validator-8.0.0.Final.jar;C:\Users\wanha\.m2\repository\jakarta\validation\jakarta.validation-api\3.0.2\jakarta.validation-api-3.0.2.jar;C:\Users\wanha\.m2\repository\org\jboss\logging\jboss-logging\3.5.1.Final\jboss-logging-3.5.1.Final.jar;C:\Users\wanha\.m2\repository\com\fasterxml\classmate\1.5.1\classmate-1.5.1.jar;C:\Users\wanha\.m2\repository\org\springframework\boot\spring-boot-starter-web\3.1.1\spring-boot-starter-web-3.1.1.jar;C:\Users\wanha\.m2\repository\org\springframework\boot\spring-boot-starter-json\3.1.1\spring-boot-starter-json-3.1.1.jar;C:\Users\wanha\.m2\repository\com\fasterxml\jackson\datatype\jackson-datatype-jdk8\2.15.2\jackson-datatype-jdk8-2.15.2.jar;C:\Users\wanha\.m2\repository\com\fasterxml\jackson\module\jackson-module-parameter-names\2.15.2\jackson-module-parameter-names-2.15.2.jar;C:\Users\wanha\.m2\repository\org\springframework\boot\spring-boot-starter-tomcat\3.1.1\spring-boot-starter-tomcat-3.1.1.jar;C:\Users\wanha\.m2\repository\org\apache\tomcat\embed\tomcat-embed-core\10.1.10\tomcat-embed-core-10.1.10.jar;C:\Users\wanha\.m2\repository\org\apache\tomcat\embed\tomcat-embed-websocket\10.1.10\tomcat-embed-websocket-10.1.10.jar;C:\Users\wanha\.m2\repository\org\springframework\spring-web\6.0.10\spring-web-6.0.10.jar;C:\Users\wanha\.m2\repository\org\springframework\spring-beans\6.0.10\spring-beans-6.0.10.jar;C:\Users\wanha\.m2\repository\org\springframework\spring-webmvc\6.0.10\spring-webmvc-6.0.10.jar;C:\Users\wanha\.m2\repository\org\springframework\spring-aop\6.0.10\spring-aop-6.0.10.jar;C:\Users\wanha\.m2\repository\org\springframework\spring-context\6.0.10\spring-context-6.0.10.jar;C:\Users\wanha\.m2\repository\org\springframework\spring-expression\6.0.10\spring-expression-6.0.10.jar;C:\Users\wanha\.m2\repository\org\springframework\boot\spring-boot-starter-test\3.1.1\spring-boot-starter-test-3.1.1.jar;C:\Users\wanha\.m2\repository\org\springframework\boot\spring-boot-test\3.1.1\spring-boot-test-3.1.1.jar;C:\Users\wanha\.m2\repository\org\springframework\boot\spring-boot-test-autoconfigure\3.1.1\spring-boot-test-autoconfigure-3.1.1.jar;C:\Users\wanha\.m2\repository\com\jayway\jsonpath\json-path\2.8.0\json-path-2.8.0.jar;C:\Users\wanha\.m2\repository\org\slf4j\slf4j-api\2.0.7\slf4j-api-2.0.7.jar;C:\Users\wanha\.m2\repository\jakarta\xml\bind\jakarta.xml.bind-api\4.0.0\jakarta.xml.bind-api-4.0.0.jar;C:\Users\wanha\.m2\repository\jakarta\activation\jakarta.activation-api\2.1.2\jakarta.activation-api-2.1.2.jar;C:\Users\wanha\.m2\repository\net\minidev\json-smart\2.4.11\json-smart-2.4.11.jar;C:\Users\wanha\.m2\repository\net\minidev\accessors-smart\2.4.11\accessors-smart-2.4.11.jar;C:\Users\wanha\.m2\repository\org\ow2\asm\asm\9.3\asm-9.3.jar;C:\Users\wanha\.m2\repository\org\assertj\assertj-core\3.24.2\assertj-core-3.24.2.jar;C:\Users\wanha\.m2\repository\net\bytebuddy\byte-buddy\1.14.5\byte-buddy-1.14.5.jar;C:\Users\wanha\.m2\repository\org\hamcrest\hamcrest\2.2\hamcrest-2.2.jar;C:\Users\wanha\.m2\repository\org\junit\jupiter\junit-jupiter\5.9.3\junit-jupiter-5.9.3.jar;C:\Users\wanha\.m2\repository\org\junit\jupiter\junit-jupiter-params\5.9.3\junit-jupiter-params-5.9.3.jar;C:\Users\wanha\.m2\repository\org\junit\jupiter\junit-jupiter-engine\5.9.3\junit-jupiter-engine-5.9.3.jar;C:\Users\wanha\.m2\repository\org\junit\platform\junit-platform-engine\1.9.3\junit-platform-engine-1.9.3.jar;C:\Users\wanha\.m2\repository\org\mockito\mockito-core\5.3.1\mockito-core-5.3.1.jar;C:\Users\wanha\.m2\repository\net\bytebuddy\byte-buddy-agent\1.14.5\byte-buddy-agent-1.14.5.jar;C:\Users\wanha\.m2\repository\org\objenesis\objenesis\3.3\objenesis-3.3.jar;C:\Users\wanha\.m2\repository\org\mockito\mockito-junit-jupiter\5.3.1\mockito-junit-jupiter-5.3.1.jar;C:\Users\wanha\.m2\repository\org\skyscreamer\jsonassert\1.5.1\jsonassert-1.5.1.jar;C:\Users\wanha\.m2\repository\com\vaadin\external\google\android-json\0.0.20131108.vaadin1\android-json-0.0.20131108.vaadin1.jar;C:\Users\wanha\.m2\repository\org\springframework\spring-core\6.0.10\spring-core-6.0.10.jar;C:\Users\wanha\.m2\repository\org\springframework\spring-jcl\6.0.10\spring-jcl-6.0.10.jar;C:\Users\wanha\.m2\repository\org\springframework\spring-test\6.0.10\spring-test-6.0.10.jar;C:\Users\wanha\.m2\repository\org\xmlunit\xmlunit-core\2.9.1\xmlunit-core-2.9.1.jar;C:\Users\wanha\.m2\repository\org\apache\commons\commons-lang3\3.12.0\commons-lang3-3.12.0.jar;C:\Users\wanha\.m2\repository\org\junit\jupiter\junit-jupiter-api\5.9.3\junit-jupiter-api-5.9.3.jar;C:\Users\wanha\.m2\repository\org\opentest4j\opentest4j\1.2.0\opentest4j-1.2.0.jar;C:\Users\wanha\.m2\repository\org\junit\platform\junit-platform-commons\1.9.3\junit-platform-commons-1.9.3.jar;C:\Users\wanha\.m2\repository\org\apiguardian\apiguardian-api\1.1.2\apiguardian-api-1.1.2.jar;c:\Users\wanha\Desktop\PROJET\OPENCLASSROOM\08 - Améliorez votre application avec des systèmes distribués\Java\libs\gpsUtil.jar;c:\Users\wanha\Desktop\PROJET\OPENCLASSROOM\08 - Améliorez votre application avec des systèmes distribués\Java\libs\tripPricer.jar;c:\Users\wanha\Desktop\PROJET\OPENCLASSROOM\08 - Améliorez votre application avec des systèmes distribués\Java\libs\RewardCentral.jar;"/>
    <property name="sun.cpu.endian" value="little"/>
    <property name="user.home" value="C:\Users\wanha"/>
    <property name="user.language" value="fr"/>
    <property name="java.specification.vendor" value="Oracle Corporation"/>
    <property name="java.version.date" value="2024-07-16"/>
    <property name="java.home" value="C:\Program Files\Java\jdk-17"/>
    <property name="file.separator" value="\"/>
    <property name="basedir" value="c:\Users\wanha\Desktop\PROJET\OPENCLASSROOM\08 - Améliorez votre application avec des systèmes distribués\Java"/>
    <property name="java.vm.compressedOopsMode" value="Zero based"/>
    <property name="line.separator" value="&#10;"/>
    <property name="java.vm.specification.vendor" value="Oracle Corporation"/>
    <property name="java.specification.name" value="Java Platform API Specification"/>
    <property name="surefire.real.class.path" value="C:\Users\wanha\AppData\Local\Temp\surefire8975729790717644023\surefirebooter-20250526120907092_3.jar"/>
    <property name="user.script" value=""/>
    <property name="sun.management.compiler" value="HotSpot 64-Bit Tiered Compilers"/>
    <property name="java.runtime.version" value="17.0.12+8-LTS-286"/>
    <property name="user.name" value="wanha"/>
    <property name="path.separator" value=";"/>
    <property name="os.version" value="10.0"/>
    <property name="java.runtime.name" value="Java(TM) SE Runtime Environment"/>
    <property name="file.encoding" value="Cp1252"/>
    <property name="java.vm.name" value="Java HotSpot(TM) 64-Bit Server VM"/>
    <property name="localRepository" value="C:\Users\wanha\.m2\repository"/>
    <property name="java.vendor.url.bug" value="https://bugreport.java.com/bugreport/"/>
    <property name="java.io.tmpdir" value="C:\Users\wanha\AppData\Local\Temp\"/>
    <property name="java.version" value="17.0.12"/>
    <property name="user.dir" value="c:\Users\wanha\Desktop\PROJET\OPENCLASSROOM\08 - Améliorez votre application avec des systèmes distribués\Java"/>
    <property name="os.arch" value="amd64"/>
    <property name="java.vm.specification.name" value="Java Virtual Machine Specification"/>
    <property name="sun.os.patch.level" value=""/>
    <property name="native.encoding" value="Cp1252"/>
    <property name="java.library.path" value="C:\Program Files\Java\jdk-17\bin;C:\WINDOWS\Sun\Java\bin;C:\WINDOWS\system32;C:\WINDOWS;C:\Program Files (x86)\NVIDIA Corporation\PhysX\Common;C:\WINDOWS\system32;C:\WINDOWS;C:\WINDOWS\System32\Wbem;C:\WINDOWS\System32\WindowsPowerShell\v1.0\;C:\WINDOWS\System32\OpenSSH\;C:\Program Files\Common Files\Oracle\Java\javapath;C:\Program Files (x86)\Common Files\Oracle\Java\java8path;C:\Program Files (x86)\Common Files\Oracle\Java\javapath;C:\Program Files\Git\cmd;C:\Program Files\nodejs\;C:\Program Files\dotnet\;C:\Users\wanha\AppData\Local\Programs\Python\Python310;C:\Users\wanha\AppData\Local\Programs\Python\Python310\Scripts;C:\Program Files\Crucial\Crucial Storage Executive;C:\Program Files\Apache\Maven\bin;;C:\Program Files\Docker\Docker\resources\bin;C:\Users\wanha\AppData\Local\Programs\Python\Launcher\;C:\Users\wanha\AppData\Local\Microsoft\WindowsApps;C:\Users\wanha\AppData\Local\Programs\Microsoft VS Code\bin;C:\Users\wanha\AppData\Roaming\npm;C:\Users\wanha\.dotnet\tools;C:\Users\wanha\miniconda3;C:\Users\wanha\miniconda3\Library\mingw-w64\bin;C:\Users\wanha\miniconda3\Library\usr\bin;C:\Users\wanha\miniconda3\Library\bin;C:\Users\wanha\miniconda3\Scripts;c:\Users\wanha\AppData\Roaming\Code\User\globalStorage\github.copilot-chat\debugCommand;."/>
    <property name="java.vm.info" value="mixed mode, sharing"/>
    <property name="java.vendor" value="Oracle Corporation"/>
    <property name="java.vm.version" value="17.0.12+8-LTS-286"/>
    <property name="sun.io.unicode.encoding" value="UnicodeLittle"/>
    <property name="java.class.version" value="61.0"/>
  </properties>
  <testcase name="nearAllAttractions" classname="com.openclassrooms.tourguide.TestRewardsService" time="6.859">
    <system-out><![CDATA[12:09:10.327 [main] INFO com.openclassrooms.tourguide.service.TourGuideService -- TestMode enabled
Attraction ajoutée: Tiger Stadium (#1/26)
Attraction ajoutée: Fallingwater (#2/26)
Attraction ajoutée: Flatiron Building (#3/26)
Attraction ajoutée: Kyle Field (#4/26)
Attraction ajoutée: Union Station (#5/26)
Attraction ajoutée: Jackson Hole (#6/26)
Attraction ajoutée: Kartchner Caverns State Park (#7/26)
Attraction ajoutée: Tiger Stadium (#1/26)
Attraction ajoutée: Joshua Tree National Park (#8/26)
Attraction ajoutée: Flowers Bakery of London (#9/26)
Attraction ajoutée: Mojave National Preserve (#10/26)
Attraction ajoutée: Disneyland (#11/26)
Attraction ajoutée: Zoo Tampa at Lowry Park (#12/26)
Attraction ajoutée: Kansas City Zoo (#13/26)
Attraction ajoutée: Cinderella Castle (#14/26)
Attraction ajoutée: McKinley Tower (#15/26)
Attraction ajoutée: Hot Springs National Park (#16/26)
Attraction ajoutée: Legend Valley (#17/26)
Attraction ajoutée: San Diego Zoo (#18/26)
Attraction ajoutée: Neyland Stadium (#19/26)
Attraction ajoutée: Kansas City Zoo (#2/26)
Attraction ajoutée: Roger Dean Stadium (#20/26)
Attraction ajoutée: Bryant-Denny Stadium (#21/26)
Attraction ajoutée: El Paso Zoo (#22/26)
Attraction ajoutée: Franklin Park Zoo (#23/26)
Attraction ajoutée: Legend Valley (#3/26)
Attraction ajoutée: Buffalo National River (#24/26)
Attraction ajoutée: Kyle Field (#4/26)
Attraction ajoutée: Bronx Zoo (#25/26)
Attraction ajoutée: Zoo Tampa at Lowry Park (#5/26)
Attraction ajoutée: Texas Memorial Stadium (#26/26)
Attraction ajoutée: El Paso Zoo (#6/26)
Attraction ajoutée: Franklin Park Zoo (#7/26)
Attraction ajoutée: Tiger Stadium (#27/26)
Attraction ajoutée: Roger Dean Stadium (#8/26)
Attraction ajoutée: Joshua Tree National Park (#9/26)
Attraction ajoutée: Hot Springs National Park (#10/26)
Attraction ajoutée: San Diego Zoo (#11/26)
Attraction ajoutée: Cinderella Castle (#12/26)
Attraction ajoutée: Neyland Stadium (#14/26)
Attraction ajoutée: Fallingwater (#13/26)
Attraction ajoutée: Jackson Hole (#15/26)
Attraction ajoutée: Disneyland (#16/26)
Attraction ajoutée: Flatiron Building (#17/26)
Attraction ajoutée: Joshua Tree National Park (#28/26)
Attraction ajoutée: Bronx Zoo (#18/26)
Attraction ajoutée: Texas Memorial Stadium (#19/26)
Attraction ajoutée: Flowers Bakery of London (#20/26)
Attraction ajoutée: Bryant-Denny Stadium (#21/26)
Attraction ajoutée: Cinderella Castle (#29/26)
Attraction ajoutée: Legend Valley (#30/26)
Attraction ajoutée: Mojave National Preserve (#22/26)
Attraction ajoutée: Kyle Field (#31/26)
Attraction ajoutée: McKinley Tower (#23/26)
Attraction ajoutée: Kansas City Zoo (#32/26)
Attraction ajoutée: Union Station (#24/26)
Attraction ajoutée: Buffalo National River (#25/26)
Attraction ajoutée: Fallingwater (#33/26)
Attraction ajoutée: Kartchner Caverns State Park (#26/26)
Attraction ajoutée: Franklin Park Zoo (#34/26)
Attraction ajoutée: El Paso Zoo (#35/26)
Attraction ajoutée: Flowers Bakery of London (#36/26)
Attraction ajoutée: Jackson Hole (#37/26)
Attraction ajoutée: Hot Springs National Park (#38/26)
Attraction ajoutée: Zoo Tampa at Lowry Park (#39/26)
Attraction ajoutée: Tiger Stadium (#27/26)
Attraction ajoutée: Disneyland (#40/26)
Attraction ajoutée: Bronx Zoo (#41/26)
Attraction ajoutée: Buffalo National River (#42/26)
Attraction ajoutée: Neyland Stadium (#43/26)
Attraction ajoutée: Mojave National Preserve (#44/26)
Attraction ajoutée: Kyle Field (#28/26)
Attraction ajoutée: Roger Dean Stadium (#45/26)
Attraction ajoutée: Flatiron Building (#46/26)
Attraction ajoutée: Union Station (#47/26)
Attraction ajoutée: San Diego Zoo (#48/26)
Attraction ajoutée: Texas Memorial Stadium (#49/26)
Attraction ajoutée: Flatiron Building (#29/26)
Attraction ajoutée: Legend Valley (#30/26)
Attraction ajoutée: Kartchner Caverns State Park (#50/26)
Attraction ajoutée: McKinley Tower (#51/26)
Attraction ajoutée: Disneyland (#31/26)
Attraction ajoutée: Zoo Tampa at Lowry Park (#32/26)
Attraction ajoutée: Joshua Tree National Park (#33/26)
Attraction ajoutée: Hot Springs National Park (#34/26)
Attraction ajoutée: Flowers Bakery of London (#35/26)
Attraction ajoutée: Bryant-Denny Stadium (#52/26)
Attraction ajoutée: Jackson Hole (#36/26)
Attraction ajoutée: Bryant-Denny Stadium (#37/26)
Attraction ajoutée: Franklin Park Zoo (#38/26)
Attraction ajoutée: Kartchner Caverns State Park (#39/26)
Attraction ajoutée: Texas Memorial Stadium (#40/26)
Attraction ajoutée: Fallingwater (#41/26)
Attraction ajoutée: McKinley Tower (#42/26)
Attraction ajoutée: San Diego Zoo (#43/26)
Attraction ajoutée: Legend Valley (#53/26)
Attraction ajoutée: Jackson Hole (#54/26)
Attraction ajoutée: Kansas City Zoo (#44/26)
Attraction ajoutée: Roger Dean Stadium (#45/26)
Attraction ajoutée: Buffalo National River (#46/26)
Attraction ajoutée: Neyland Stadium (#47/26)
Attraction ajoutée: Cinderella Castle (#48/26)
Attraction ajoutée: Disneyland (#55/26)
Attraction ajoutée: Union Station (#49/26)
Attraction ajoutée: Mojave National Preserve (#50/26)
Attraction ajoutée: Bronx Zoo (#51/26)
Attraction ajoutée: Fallingwater (#56/26)
Attraction ajoutée: Texas Memorial Stadium (#57/26)
Attraction ajoutée: Tiger Stadium (#58/26)
Attraction ajoutée: Bryant-Denny Stadium (#59/26)
Attraction ajoutée: El Paso Zoo (#52/26)
Attraction ajoutée: Joshua Tree National Park (#60/26)
Attraction ajoutée: Hot Springs National Park (#61/26)
Attraction ajoutée: Tiger Stadium (#53/26)
Attraction ajoutée: Mojave National Preserve (#62/26)
Attraction ajoutée: Flowers Bakery of London (#63/26)
Attraction ajoutée: Kansas City Zoo (#64/26)
Attraction ajoutée: Kyle Field (#65/26)
Attraction ajoutée: Kartchner Caverns State Park (#66/26)
Attraction ajoutée: Buffalo National River (#67/26)
Attraction ajoutée: Roger Dean Stadium (#68/26)
Attraction ajoutée: Flatiron Building (#69/26)
Attraction ajoutée: Kyle Field (#54/26)
Attraction ajoutée: Union Station (#70/26)
Attraction ajoutée: McKinley Tower (#71/26)
Attraction ajoutée: Zoo Tampa at Lowry Park (#55/26)
Attraction ajoutée: Zoo Tampa at Lowry Park (#72/26)
Attraction ajoutée: Jackson Hole (#56/26)
Attraction ajoutée: Neyland Stadium (#73/26)
Attraction ajoutée: Joshua Tree National Park (#57/26)
Attraction ajoutée: Legend Valley (#58/26)
Attraction ajoutée: Franklin Park Zoo (#59/26)
Attraction ajoutée: Flowers Bakery of London (#60/26)
Attraction ajoutée: El Paso Zoo (#74/26)
Attraction ajoutée: Kartchner Caverns State Park (#61/26)
Attraction ajoutée: Kansas City Zoo (#62/26)
Attraction ajoutée: Fallingwater (#63/26)
Attraction ajoutée: Mojave National Preserve (#64/26)
Attraction ajoutée: Disneyland (#65/26)
Attraction ajoutée: Texas Memorial Stadium (#66/26)
Attraction ajoutée: Union Station (#67/26)
Attraction ajoutée: Bronx Zoo (#75/26)
Attraction ajoutée: El Paso Zoo (#68/26)
Attraction ajoutée: San Diego Zoo (#76/26)
Attraction ajoutée: Franklin Park Zoo (#77/26)
Attraction ajoutée: Neyland Stadium (#69/26)
Attraction ajoutée: Roger Dean Stadium (#70/26)
Attraction ajoutée: Cinderella Castle (#71/26)
Attraction ajoutée: Hot Springs National Park (#72/26)
Attraction ajoutée: Flatiron Building (#73/26)
Attraction ajoutée: Buffalo National River (#74/26)
Attraction ajoutée: Bryant-Denny Stadium (#75/26)
Attraction ajoutée: Cinderella Castle (#78/26)
]]></system-out>
  </testcase>
  <testcase name="userGetRewards" classname="com.openclassrooms.tourguide.TestRewardsService" time="0.907">
    <system-out><![CDATA[12:09:17.187 [main] INFO com.openclassrooms.tourguide.service.TourGuideService -- TestMode enabled
Attraction ajoutée: San Diego Zoo (#76/26)
Attraction ajoutée: Bronx Zoo (#77/26)
Attraction ajoutée: McKinley Tower (#78/26)
Attraction ajoutée: Tiger Stadium (#79/26)
Attraction ajoutée: Flatiron Building (#80/26)
Attraction ajoutée: Hot Springs National Park (#81/26)
Attraction ajoutée: Buffalo National River (#82/26)
Attraction ajoutée: Kartchner Caverns State Park (#83/26)
Attraction ajoutée: Mojave National Preserve (#84/26)
Attraction ajoutée: Legend Valley (#85/26)
Attraction ajoutée: Joshua Tree National Park (#86/26)
Attraction ajoutée: Disneyland (#1/26)
]]></system-out>
  </testcase>
  <testcase name="isWithinAttractionProximity" classname="com.openclassrooms.tourguide.TestRewardsService" time="0.012"/>
</testsuite>