<?xml version="1.0" encoding="UTF-8"?>
<testsuite xmlns:xsi="http://www.w3.org/2001/XMLSchema-instance" xsi:noNamespaceSchemaLocation="https://maven.apache.org/surefire/maven-surefire-plugin/xsd/surefire-test-report-3.0.xsd" version="3.0" name="com.openclassrooms.tourguide.TestPerformance" time="2.769" tests="2" errors="0" skipped="0" failures="0">
  <properties>
    <property name="java.specification.version" value="17"/>
    <property name="sun.cpu.isalist" value="amd64"/>
    <property name="sun.jnu.encoding" value="Cp1252"/>
    <property name="java.class.path" value="c:\Users\wanha\Desktop\PROJET\OPENCLASSROOM\08 - Améliorez votre application avec des systèmes distribués\Java\target\test-classes;c:\Users\wanha\Desktop\PROJET\OPENCLASSROOM\08 - Améliorez votre application avec des systèmes distribués\Java\target\classes;C:\Users\wanha\.m2\repository\org\springframework\boot\spring-boot-starter-actuator\3.1.1\spring-boot-starter-actuator-3.1.1.jar;C:\Users\wanha\.m2\repository\org\springframework\boot\spring-boot-starter\3.1.1\spring-boot-starter-3.1.1.jar;C:\Users\wanha\.m2\repository\org\springframework\boot\spring-boot\3.1.1\spring-boot-3.1.1.jar;C:\Users\wanha\.m2\repository\org\springframework\boot\spring-boot-autoconfigure\3.1.1\spring-boot-autoconfigure-3.1.1.jar;C:\Users\wanha\.m2\repository\org\springframework\boot\spring-boot-starter-logging\3.1.1\spring-boot-starter-logging-3.1.1.jar;C:\Users\wanha\.m2\repository\ch\qos\logback\logback-classic\1.4.8\logback-classic-1.4.8.jar;C:\Users\wanha\.m2\repository\ch\qos\logback\logback-core\1.4.8\logback-core-1.4.8.jar;C:\Users\wanha\.m2\repository\org\apache\logging\log4j\log4j-to-slf4j\2.20.0\log4j-to-slf4j-2.20.0.jar;C:\Users\wanha\.m2\repository\org\apache\logging\log4j\log4j-api\2.20.0\log4j-api-2.20.0.jar;C:\Users\wanha\.m2\repository\org\slf4j\jul-to-slf4j\2.0.7\jul-to-slf4j-2.0.7.jar;C:\Users\wanha\.m2\repository\jakarta\annotation\jakarta.annotation-api\2.1.1\jakarta.annotation-api-2.1.1.jar;C:\Users\wanha\.m2\repository\org\yaml\snakeyaml\1.33\snakeyaml-1.33.jar;C:\Users\wanha\.m2\repository\org\springframework\boot\spring-boot-actuator-autoconfigure\3.1.1\spring-boot-actuator-autoconfigure-3.1.1.jar;C:\Users\wanha\.m2\repository\org\springframework\boot\spring-boot-actuator\3.1.1\spring-boot-actuator-3.1.1.jar;C:\Users\wanha\.m2\repository\com\fasterxml\jackson\core\jackson-databind\2.15.2\jackson-databind-2.15.2.jar;C:\Users\wanha\.m2\repository\com\fasterxml\jackson\core\jackson-annotations\2.15.2\jackson-annotations-2.15.2.jar;C:\Users\wanha\.m2\repository\com\fasterxml\jackson\core\jackson-core\2.15.2\jackson-core-2.15.2.jar;C:\Users\wanha\.m2\repository\com\fasterxml\jackson\datatype\jackson-datatype-jsr310\2.15.2\jackson-datatype-jsr310-2.15.2.jar;C:\Users\wanha\.m2\repository\io\micrometer\micrometer-observation\1.11.1\micrometer-observation-1.11.1.jar;C:\Users\wanha\.m2\repository\io\micrometer\micrometer-commons\1.11.1\micrometer-commons-1.11.1.jar;C:\Users\wanha\.m2\repository\io\micrometer\micrometer-core\1.11.1\micrometer-core-1.11.1.jar;C:\Users\wanha\.m2\repository\org\hdrhistogram\HdrHistogram\2.1.12\HdrHistogram-2.1.12.jar;C:\Users\wanha\.m2\repository\org\latencyutils\LatencyUtils\2.0.3\LatencyUtils-2.0.3.jar;C:\Users\wanha\.m2\repository\org\springframework\boot\spring-boot-starter-validation\3.1.1\spring-boot-starter-validation-3.1.1.jar;C:\Users\wanha\.m2\repository\org\apache\tomcat\embed\tomcat-embed-el\10.1.10\tomcat-embed-el-10.1.10.jar;C:\Users\wanha\.m2\repository\org\hibernate\validator\hibernate-validator\8.0.0.Final\hibernate-validator-8.0.0.Final.jar;C:\Users\wanha\.m2\repository\jakarta\validation\jakarta.validation-api\3.0.2\jakarta.validation-api-3.0.2.jar;C:\Users\wanha\.m2\repository\org\jboss\logging\jboss-logging\3.5.1.Final\jboss-logging-3.5.1.Final.jar;C:\Users\wanha\.m2\repository\com\fasterxml\classmate\1.5.1\classmate-1.5.1.jar;C:\Users\wanha\.m2\repository\org\springframework\boot\spring-boot-starter-web\3.1.1\spring-boot-starter-web-3.1.1.jar;C:\Users\wanha\.m2\repository\org\springframework\boot\spring-boot-starter-json\3.1.1\spring-boot-starter-json-3.1.1.jar;C:\Users\wanha\.m2\repository\com\fasterxml\jackson\datatype\jackson-datatype-jdk8\2.15.2\jackson-datatype-jdk8-2.15.2.jar;C:\Users\wanha\.m2\repository\com\fasterxml\jackson\module\jackson-module-parameter-names\2.15.2\jackson-module-parameter-names-2.15.2.jar;C:\Users\wanha\.m2\repository\org\springframework\boot\spring-boot-starter-tomcat\3.1.1\spring-boot-starter-tomcat-3.1.1.jar;C:\Users\wanha\.m2\repository\org\apache\tomcat\embed\tomcat-embed-core\10.1.10\tomcat-embed-core-10.1.10.jar;C:\Users\wanha\.m2\repository\org\apache\tomcat\embed\tomcat-embed-websocket\10.1.10\tomcat-embed-websocket-10.1.10.jar;C:\Users\wanha\.m2\repository\org\springframework\spring-web\6.0.10\spring-web-6.0.10.jar;C:\Users\wanha\.m2\repository\org\springframework\spring-beans\6.0.10\spring-beans-6.0.10.jar;C:\Users\wanha\.m2\repository\org\springframework\spring-webmvc\6.0.10\spring-webmvc-6.0.10.jar;C:\Users\wanha\.m2\repository\org\springframework\spring-aop\6.0.10\spring-aop-6.0.10.jar;C:\Users\wanha\.m2\repository\org\springframework\spring-context\6.0.10\spring-context-6.0.10.jar;C:\Users\wanha\.m2\repository\org\springframework\spring-expression\6.0.10\spring-expression-6.0.10.jar;C:\Users\wanha\.m2\repository\org\springframework\boot\spring-boot-starter-test\3.1.1\spring-boot-starter-test-3.1.1.jar;C:\Users\wanha\.m2\repository\org\springframework\boot\spring-boot-test\3.1.1\spring-boot-test-3.1.1.jar;C:\Users\wanha\.m2\repository\org\springframework\boot\spring-boot-test-autoconfigure\3.1.1\spring-boot-test-autoconfigure-3.1.1.jar;C:\Users\wanha\.m2\repository\com\jayway\jsonpath\json-path\2.8.0\json-path-2.8.0.jar;C:\Users\wanha\.m2\repository\org\slf4j\slf4j-api\2.0.7\slf4j-api-2.0.7.jar;C:\Users\wanha\.m2\repository\jakarta\xml\bind\jakarta.xml.bind-api\4.0.0\jakarta.xml.bind-api-4.0.0.jar;C:\Users\wanha\.m2\repository\jakarta\activation\jakarta.activation-api\2.1.2\jakarta.activation-api-2.1.2.jar;C:\Users\wanha\.m2\repository\net\minidev\json-smart\2.4.11\json-smart-2.4.11.jar;C:\Users\wanha\.m2\repository\net\minidev\accessors-smart\2.4.11\accessors-smart-2.4.11.jar;C:\Users\wanha\.m2\repository\org\ow2\asm\asm\9.3\asm-9.3.jar;C:\Users\wanha\.m2\repository\org\assertj\assertj-core\3.24.2\assertj-core-3.24.2.jar;C:\Users\wanha\.m2\repository\net\bytebuddy\byte-buddy\1.14.5\byte-buddy-1.14.5.jar;C:\Users\wanha\.m2\repository\org\hamcrest\hamcrest\2.2\hamcrest-2.2.jar;C:\Users\wanha\.m2\repository\org\junit\jupiter\junit-jupiter\5.9.3\junit-jupiter-5.9.3.jar;C:\Users\wanha\.m2\repository\org\junit\jupiter\junit-jupiter-params\5.9.3\junit-jupiter-params-5.9.3.jar;C:\Users\wanha\.m2\repository\org\junit\jupiter\junit-jupiter-engine\5.9.3\junit-jupiter-engine-5.9.3.jar;C:\Users\wanha\.m2\repository\org\junit\platform\junit-platform-engine\1.9.3\junit-platform-engine-1.9.3.jar;C:\Users\wanha\.m2\repository\org\mockito\mockito-core\5.3.1\mockito-core-5.3.1.jar;C:\Users\wanha\.m2\repository\net\bytebuddy\byte-buddy-agent\1.14.5\byte-buddy-agent-1.14.5.jar;C:\Users\wanha\.m2\repository\org\objenesis\objenesis\3.3\objenesis-3.3.jar;C:\Users\wanha\.m2\repository\org\mockito\mockito-junit-jupiter\5.3.1\mockito-junit-jupiter-5.3.1.jar;C:\Users\wanha\.m2\repository\org\skyscreamer\jsonassert\1.5.1\jsonassert-1.5.1.jar;C:\Users\wanha\.m2\repository\com\vaadin\external\google\android-json\0.0.20131108.vaadin1\android-json-0.0.20131108.vaadin1.jar;C:\Users\wanha\.m2\repository\org\springframework\spring-core\6.0.10\spring-core-6.0.10.jar;C:\Users\wanha\.m2\repository\org\springframework\spring-jcl\6.0.10\spring-jcl-6.0.10.jar;C:\Users\wanha\.m2\repository\org\springframework\spring-test\6.0.10\spring-test-6.0.10.jar;C:\Users\wanha\.m2\repository\org\xmlunit\xmlunit-core\2.9.1\xmlunit-core-2.9.1.jar;C:\Users\wanha\.m2\repository\org\apache\commons\commons-lang3\3.12.0\commons-lang3-3.12.0.jar;C:\Users\wanha\.m2\repository\org\junit\jupiter\junit-jupiter-api\5.9.3\junit-jupiter-api-5.9.3.jar;C:\Users\wanha\.m2\repository\org\opentest4j\opentest4j\1.2.0\opentest4j-1.2.0.jar;C:\Users\wanha\.m2\repository\org\junit\platform\junit-platform-commons\1.9.3\junit-platform-commons-1.9.3.jar;C:\Users\wanha\.m2\repository\org\apiguardian\apiguardian-api\1.1.2\apiguardian-api-1.1.2.jar;c:\Users\wanha\Desktop\PROJET\OPENCLASSROOM\08 - Améliorez votre application avec des systèmes distribués\Java\libs\gpsUtil.jar;c:\Users\wanha\Desktop\PROJET\OPENCLASSROOM\08 - Améliorez votre application avec des systèmes distribués\Java\libs\tripPricer.jar;c:\Users\wanha\Desktop\PROJET\OPENCLASSROOM\08 - Améliorez votre application avec des systèmes distribués\Java\libs\RewardCentral.jar;"/>
    <property name="java.vm.vendor" value="Oracle Corporation"/>
    <property name="sun.arch.data.model" value="64"/>
    <property name="user.variant" value=""/>
    <property name="java.vendor.url" value="https://java.oracle.com/"/>
    <property name="user.timezone" value="Europe/Paris"/>
    <property name="os.name" value="Windows 10"/>
    <property name="java.vm.specification.version" value="17"/>
    <property name="sun.java.launcher" value="SUN_STANDARD"/>
    <property name="user.country" value="FR"/>
    <property name="sun.boot.library.path" value="C:\Program Files\Java\jdk-17\bin"/>
    <property name="sun.java.command" value="C:\Users\wanha\AppData\Local\Temp\surefire8975729790717644023\surefirebooter-20250526120907092_3.jar C:\Users\wanha\AppData\Local\Temp\surefire8975729790717644023 2025-05-26T12-09-06_959-jvmRun1 surefire-20250526120907092_1tmp surefire_0-20250526120907092_2tmp"/>
    <property name="jdk.debug" value="release"/>
    <property name="surefire.test.class.path" value="c:\Users\wanha\Desktop\PROJET\OPENCLASSROOM\08 - Améliorez votre application avec des systèmes distribués\Java\target\test-classes;c:\Users\wanha\Desktop\PROJET\OPENCLASSROOM\08 - Améliorez votre application avec des systèmes distribués\Java\target\classes;C:\Users\wanha\.m2\repository\org\springframework\boot\spring-boot-starter-actuator\3.1.1\spring-boot-starter-actuator-3.1.1.jar;C:\Users\wanha\.m2\repository\org\springframework\boot\spring-boot-starter\3.1.1\spring-boot-starter-3.1.1.jar;C:\Users\wanha\.m2\repository\org\springframework\boot\spring-boot\3.1.1\spring-boot-3.1.1.jar;C:\Users\wanha\.m2\repository\org\springframework\boot\spring-boot-autoconfigure\3.1.1\spring-boot-autoconfigure-3.1.1.jar;C:\Users\wanha\.m2\repository\org\springframework\boot\spring-boot-starter-logging\3.1.1\spring-boot-starter-logging-3.1.1.jar;C:\Users\wanha\.m2\repository\ch\qos\logback\logback-classic\1.4.8\logback-classic-1.4.8.jar;C:\Users\wanha\.m2\repository\ch\qos\logback\logback-core\1.4.8\logback-core-1.4.8.jar;C:\Users\wanha\.m2\repository\org\apache\logging\log4j\log4j-to-slf4j\2.20.0\log4j-to-slf4j-2.20.0.jar;C:\Users\wanha\.m2\repository\org\apache\logging\log4j\log4j-api\2.20.0\log4j-api-2.20.0.jar;C:\Users\wanha\.m2\repository\org\slf4j\jul-to-slf4j\2.0.7\jul-to-slf4j-2.0.7.jar;C:\Users\wanha\.m2\repository\jakarta\annotation\jakarta.annotation-api\2.1.1\jakarta.annotation-api-2.1.1.jar;C:\Users\wanha\.m2\repository\org\yaml\snakeyaml\1.33\snakeyaml-1.33.jar;C:\Users\wanha\.m2\repository\org\springframework\boot\spring-boot-actuator-autoconfigure\3.1.1\spring-boot-actuator-autoconfigure-3.1.1.jar;C:\Users\wanha\.m2\repository\org\springframework\boot\spring-boot-actuator\3.1.1\spring-boot-actuator-3.1.1.jar;C:\Users\wanha\.m2\repository\com\fasterxml\jackson\core\jackson-databind\2.15.2\jackson-databind-2.15.2.jar;C:\Users\wanha\.m2\repository\com\fasterxml\jackson\core\jackson-annotations\2.15.2\jackson-annotations-2.15.2.jar;C:\Users\wanha\.m2\repository\com\fasterxml\jackson\core\jackson-core\2.15.2\jackson-core-2.15.2.jar;C:\Users\wanha\.m2\repository\com\fasterxml\jackson\datatype\jackson-datatype-jsr310\2.15.2\jackson-datatype-jsr310-2.15.2.jar;C:\Users\wanha\.m2\repository\io\micrometer\micrometer-observation\1.11.1\micrometer-observation-1.11.1.jar;C:\Users\wanha\.m2\repository\io\micrometer\micrometer-commons\1.11.1\micrometer-commons-1.11.1.jar;C:\Users\wanha\.m2\repository\io\micrometer\micrometer-core\1.11.1\micrometer-core-1.11.1.jar;C:\Users\wanha\.m2\repository\org\hdrhistogram\HdrHistogram\2.1.12\HdrHistogram-2.1.12.jar;C:\Users\wanha\.m2\repository\org\latencyutils\LatencyUtils\2.0.3\LatencyUtils-2.0.3.jar;C:\Users\wanha\.m2\repository\org\springframework\boot\spring-boot-starter-validation\3.1.1\spring-boot-starter-validation-3.1.1.jar;C:\Users\wanha\.m2\repository\org\apache\tomcat\embed\tomcat-embed-el\10.1.10\tomcat-embed-el-10.1.10.jar;C:\Users\wanha\.m2\repository\org\hibernate\validator\hibernate-validator\8.0.0.Final\hibernate-validator-8.0.0.Final.jar;C:\Users\wanha\.m2\repository\jakarta\validation\jakarta.validation-api\3.0.2\jakarta.validation-api-3.0.2.jar;C:\Users\wanha\.m2\repository\org\jboss\logging\jboss-logging\3.5.1.Final\jboss-logging-3.5.1.Final.jar;C:\Users\wanha\.m2\repository\com\fasterxml\classmate\1.5.1\classmate-1.5.1.jar;C:\Users\wanha\.m2\repository\org\springframework\boot\spring-boot-starter-web\3.1.1\spring-boot-starter-web-3.1.1.jar;C:\Users\wanha\.m2\repository\org\springframework\boot\spring-boot-starter-json\3.1.1\spring-boot-starter-json-3.1.1.jar;C:\Users\wanha\.m2\repository\com\fasterxml\jackson\datatype\jackson-datatype-jdk8\2.15.2\jackson-datatype-jdk8-2.15.2.jar;C:\Users\wanha\.m2\repository\com\fasterxml\jackson\module\jackson-module-parameter-names\2.15.2\jackson-module-parameter-names-2.15.2.jar;C:\Users\wanha\.m2\repository\org\springframework\boot\spring-boot-starter-tomcat\3.1.1\spring-boot-starter-tomcat-3.1.1.jar;C:\Users\wanha\.m2\repository\org\apache\tomcat\embed\tomcat-embed-core\10.1.10\tomcat-embed-core-10.1.10.jar;C:\Users\wanha\.m2\repository\org\apache\tomcat\embed\tomcat-embed-websocket\10.1.10\tomcat-embed-websocket-10.1.10.jar;C:\Users\wanha\.m2\repository\org\springframework\spring-web\6.0.10\spring-web-6.0.10.jar;C:\Users\wanha\.m2\repository\org\springframework\spring-beans\6.0.10\spring-beans-6.0.10.jar;C:\Users\wanha\.m2\repository\org\springframework\spring-webmvc\6.0.10\spring-webmvc-6.0.10.jar;C:\Users\wanha\.m2\repository\org\springframework\spring-aop\6.0.10\spring-aop-6.0.10.jar;C:\Users\wanha\.m2\repository\org\springframework\spring-context\6.0.10\spring-context-6.0.10.jar;C:\Users\wanha\.m2\repository\org\springframework\spring-expression\6.0.10\spring-expression-6.0.10.jar;C:\Users\wanha\.m2\repository\org\springframework\boot\spring-boot-starter-test\3.1.1\spring-boot-starter-test-3.1.1.jar;C:\Users\wanha\.m2\repository\org\springframework\boot\spring-boot-test\3.1.1\spring-boot-test-3.1.1.jar;C:\Users\wanha\.m2\repository\org\springframework\boot\spring-boot-test-autoconfigure\3.1.1\spring-boot-test-autoconfigure-3.1.1.jar;C:\Users\wanha\.m2\repository\com\jayway\jsonpath\json-path\2.8.0\json-path-2.8.0.jar;C:\Users\wanha\.m2\repository\org\slf4j\slf4j-api\2.0.7\slf4j-api-2.0.7.jar;C:\Users\wanha\.m2\repository\jakarta\xml\bind\jakarta.xml.bind-api\4.0.0\jakarta.xml.bind-api-4.0.0.jar;C:\Users\wanha\.m2\repository\jakarta\activation\jakarta.activation-api\2.1.2\jakarta.activation-api-2.1.2.jar;C:\Users\wanha\.m2\repository\net\minidev\json-smart\2.4.11\json-smart-2.4.11.jar;C:\Users\wanha\.m2\repository\net\minidev\accessors-smart\2.4.11\accessors-smart-2.4.11.jar;C:\Users\wanha\.m2\repository\org\ow2\asm\asm\9.3\asm-9.3.jar;C:\Users\wanha\.m2\repository\org\assertj\assertj-core\3.24.2\assertj-core-3.24.2.jar;C:\Users\wanha\.m2\repository\net\bytebuddy\byte-buddy\1.14.5\byte-buddy-1.14.5.jar;C:\Users\wanha\.m2\repository\org\hamcrest\hamcrest\2.2\hamcrest-2.2.jar;C:\Users\wanha\.m2\repository\org\junit\jupiter\junit-jupiter\5.9.3\junit-jupiter-5.9.3.jar;C:\Users\wanha\.m2\repository\org\junit\jupiter\junit-jupiter-params\5.9.3\junit-jupiter-params-5.9.3.jar;C:\Users\wanha\.m2\repository\org\junit\jupiter\junit-jupiter-engine\5.9.3\junit-jupiter-engine-5.9.3.jar;C:\Users\wanha\.m2\repository\org\junit\platform\junit-platform-engine\1.9.3\junit-platform-engine-1.9.3.jar;C:\Users\wanha\.m2\repository\org\mockito\mockito-core\5.3.1\mockito-core-5.3.1.jar;C:\Users\wanha\.m2\repository\net\bytebuddy\byte-buddy-agent\1.14.5\byte-buddy-agent-1.14.5.jar;C:\Users\wanha\.m2\repository\org\objenesis\objenesis\3.3\objenesis-3.3.jar;C:\Users\wanha\.m2\repository\org\mockito\mockito-junit-jupiter\5.3.1\mockito-junit-jupiter-5.3.1.jar;C:\Users\wanha\.m2\repository\org\skyscreamer\jsonassert\1.5.1\jsonassert-1.5.1.jar;C:\Users\wanha\.m2\repository\com\vaadin\external\google\android-json\0.0.20131108.vaadin1\android-json-0.0.20131108.vaadin1.jar;C:\Users\wanha\.m2\repository\org\springframework\spring-core\6.0.10\spring-core-6.0.10.jar;C:\Users\wanha\.m2\repository\org\springframework\spring-jcl\6.0.10\spring-jcl-6.0.10.jar;C:\Users\wanha\.m2\repository\org\springframework\spring-test\6.0.10\spring-test-6.0.10.jar;C:\Users\wanha\.m2\repository\org\xmlunit\xmlunit-core\2.9.1\xmlunit-core-2.9.1.jar;C:\Users\wanha\.m2\repository\org\apache\commons\commons-lang3\3.12.0\commons-lang3-3.12.0.jar;C:\Users\wanha\.m2\repository\org\junit\jupiter\junit-jupiter-api\5.9.3\junit-jupiter-api-5.9.3.jar;C:\Users\wanha\.m2\repository\org\opentest4j\opentest4j\1.2.0\opentest4j-1.2.0.jar;C:\Users\wanha\.m2\repository\org\junit\platform\junit-platform-commons\1.9.3\junit-platform-commons-1.9.3.jar;C:\Users\wanha\.m2\repository\org\apiguardian\apiguardian-api\1.1.2\apiguardian-api-1.1.2.jar;c:\Users\wanha\Desktop\PROJET\OPENCLASSROOM\08 - Améliorez votre application avec des systèmes distribués\Java\libs\gpsUtil.jar;c:\Users\wanha\Desktop\PROJET\OPENCLASSROOM\08 - Améliorez votre application avec des systèmes distribués\Java\libs\tripPricer.jar;c:\Users\wanha\Desktop\PROJET\OPENCLASSROOM\08 - Améliorez votre application avec des systèmes distribués\Java\libs\RewardCentral.jar;"/>
    <property name="sun.cpu.endian" value="little"/>
    <property name="user.home" value="C:\Users\wanha"/>
    <property name="user.language" value="fr"/>
    <property name="java.specification.vendor" value="Oracle Corporation"/>
    <property name="java.version.date" value="2024-07-16"/>
    <property name="java.home" value="C:\Program Files\Java\jdk-17"/>
    <property name="file.separator" value="\"/>
    <property name="basedir" value="c:\Users\wanha\Desktop\PROJET\OPENCLASSROOM\08 - Améliorez votre application avec des systèmes distribués\Java"/>
    <property name="java.vm.compressedOopsMode" value="Zero based"/>
    <property name="line.separator" value="&#10;"/>
    <property name="java.vm.specification.vendor" value="Oracle Corporation"/>
    <property name="java.specification.name" value="Java Platform API Specification"/>
    <property name="surefire.real.class.path" value="C:\Users\wanha\AppData\Local\Temp\surefire8975729790717644023\surefirebooter-20250526120907092_3.jar"/>
    <property name="user.script" value=""/>
    <property name="sun.management.compiler" value="HotSpot 64-Bit Tiered Compilers"/>
    <property name="java.runtime.version" value="17.0.12+8-LTS-286"/>
    <property name="user.name" value="wanha"/>
    <property name="path.separator" value=";"/>
    <property name="os.version" value="10.0"/>
    <property name="java.runtime.name" value="Java(TM) SE Runtime Environment"/>
    <property name="file.encoding" value="Cp1252"/>
    <property name="java.vm.name" value="Java HotSpot(TM) 64-Bit Server VM"/>
    <property name="localRepository" value="C:\Users\wanha\.m2\repository"/>
    <property name="java.vendor.url.bug" value="https://bugreport.java.com/bugreport/"/>
    <property name="java.io.tmpdir" value="C:\Users\wanha\AppData\Local\Temp\"/>
    <property name="java.version" value="17.0.12"/>
    <property name="user.dir" value="c:\Users\wanha\Desktop\PROJET\OPENCLASSROOM\08 - Améliorez votre application avec des systèmes distribués\Java"/>
    <property name="os.arch" value="amd64"/>
    <property name="java.vm.specification.name" value="Java Virtual Machine Specification"/>
    <property name="sun.os.patch.level" value=""/>
    <property name="native.encoding" value="Cp1252"/>
    <property name="java.library.path" value="C:\Program Files\Java\jdk-17\bin;C:\WINDOWS\Sun\Java\bin;C:\WINDOWS\system32;C:\WINDOWS;C:\Program Files (x86)\NVIDIA Corporation\PhysX\Common;C:\WINDOWS\system32;C:\WINDOWS;C:\WINDOWS\System32\Wbem;C:\WINDOWS\System32\WindowsPowerShell\v1.0\;C:\WINDOWS\System32\OpenSSH\;C:\Program Files\Common Files\Oracle\Java\javapath;C:\Program Files (x86)\Common Files\Oracle\Java\java8path;C:\Program Files (x86)\Common Files\Oracle\Java\javapath;C:\Program Files\Git\cmd;C:\Program Files\nodejs\;C:\Program Files\dotnet\;C:\Users\wanha\AppData\Local\Programs\Python\Python310;C:\Users\wanha\AppData\Local\Programs\Python\Python310\Scripts;C:\Program Files\Crucial\Crucial Storage Executive;C:\Program Files\Apache\Maven\bin;;C:\Program Files\Docker\Docker\resources\bin;C:\Users\wanha\AppData\Local\Programs\Python\Launcher\;C:\Users\wanha\AppData\Local\Microsoft\WindowsApps;C:\Users\wanha\AppData\Local\Programs\Microsoft VS Code\bin;C:\Users\wanha\AppData\Roaming\npm;C:\Users\wanha\.dotnet\tools;C:\Users\wanha\miniconda3;C:\Users\wanha\miniconda3\Library\mingw-w64\bin;C:\Users\wanha\miniconda3\Library\usr\bin;C:\Users\wanha\miniconda3\Library\bin;C:\Users\wanha\miniconda3\Scripts;c:\Users\wanha\AppData\Roaming\Code\User\globalStorage\github.copilot-chat\debugCommand;."/>
    <property name="java.vm.info" value="mixed mode, sharing"/>
    <property name="java.vendor" value="Oracle Corporation"/>
    <property name="java.vm.version" value="17.0.12+8-LTS-286"/>
    <property name="sun.io.unicode.encoding" value="UnicodeLittle"/>
    <property name="java.class.version" value="61.0"/>
  </properties>
  <testcase name="highVolumeTrackLocation" classname="com.openclassrooms.tourguide.TestPerformance" time="1.013">
    <system-out><![CDATA[12:09:07.627 [main] INFO com.openclassrooms.tourguide.service.TourGuideService -- TestMode enabled
Utilisateurs traités: 1/100 - 0 seconds.
Utilisateurs traités: 2/100 - 0 seconds.
Utilisateurs traités: 3/100 - 0 seconds.
Utilisateurs traités: 4/100 - 0 seconds.
Utilisateurs traités: 5/100 - 0 seconds.
Utilisateurs traités: 6/100 - 0 seconds.
Utilisateurs traités: 7/100 - 0 seconds.
Utilisateurs traités: 8/100 - 0 seconds.
Utilisateurs traités: 9/100 - 0 seconds.
Utilisateurs traités: 10/100 - 0 seconds.
Utilisateurs traités: 11/100 - 0 seconds.
Utilisateurs traités: 12/100 - 0 seconds.
Utilisateurs traités: 13/100 - 0 seconds.
Utilisateurs traités: 14/100 - 0 seconds.
Utilisateurs traités: 15/100 - 0 seconds.
Utilisateurs traités: 16/100 - 0 seconds.
Utilisateurs traités: 17/100 - 0 seconds.
Utilisateurs traités: 18/100 - 0 seconds.
Utilisateurs traités: 19/100 - 0 seconds.
Utilisateurs traités: 20/100 - 0 seconds.
Utilisateurs traités: 21/100 - 0 seconds.
Utilisateurs traités: 22/100 - 0 seconds.
Utilisateurs traités: 23/100 - 0 seconds.
Utilisateurs traités: 24/100 - 0 seconds.
Utilisateurs traités: 25/100 - 0 seconds.
Utilisateurs traités: 26/100 - 0 seconds.
Utilisateurs traités: 27/100 - 0 seconds.
Utilisateurs traités: 28/100 - 0 seconds.
Utilisateurs traités: 29/100 - 0 seconds.
Utilisateurs traités: 30/100 - 0 seconds.
Utilisateurs traités: 31/100 - 0 seconds.
Utilisateurs traités: 32/100 - 0 seconds.
Utilisateurs traités: 33/100 - 0 seconds.
Utilisateurs traités: 34/100 - 0 seconds.
Utilisateurs traités: 35/100 - 0 seconds.
Utilisateurs traités: 36/100 - 0 seconds.
Utilisateurs traités: 37/100 - 0 seconds.
Utilisateurs traités: 38/100 - 0 seconds.
Utilisateurs traités: 39/100 - 0 seconds.
Utilisateurs traités: 40/100 - 0 seconds.
Utilisateurs traités: 41/100 - 0 seconds.
Utilisateurs traités: 42/100 - 0 seconds.
Utilisateurs traités: 43/100 - 0 seconds.
Utilisateurs traités: 44/100 - 0 seconds.
Utilisateurs traités: 46/100 - 0 seconds.
Utilisateurs traités: 45/100 - 0 seconds.
Utilisateurs traités: 47/100 - 0 seconds.
Utilisateurs traités: 48/100 - 0 seconds.
Utilisateurs traités: 49/100 - 0 seconds.
Utilisateurs traités: 50/100 - 0 seconds.
Utilisateurs traités: 51/100 - 0 seconds.
Utilisateurs traités: 52/100 - 0 seconds.
Utilisateurs traités: 53/100 - 0 seconds.
Utilisateurs traités: 54/100 - 0 seconds.
Utilisateurs traités: 55/100 - 0 seconds.
Utilisateurs traités: 57/100 - 0 seconds.
Utilisateurs traités: 56/100 - 0 seconds.
Utilisateurs traités: 58/100 - 0 seconds.
Utilisateurs traités: 59/100 - 0 seconds.
Utilisateurs traités: 60/100 - 0 seconds.
Utilisateurs traités: 61/100 - 0 seconds.
Utilisateurs traités: 62/100 - 0 seconds.
Utilisateurs traités: 63/100 - 0 seconds.
Utilisateurs traités: 64/100 - 0 seconds.
Utilisateurs traités: 65/100 - 0 seconds.
Utilisateurs traités: 66/100 - 0 seconds.
Utilisateurs traités: 67/100 - 0 seconds.
Utilisateurs traités: 68/100 - 0 seconds.
Utilisateurs traités: 69/100 - 0 seconds.
Utilisateurs traités: 70/100 - 0 seconds.
Utilisateurs traités: 71/100 - 0 seconds.
Utilisateurs traités: 72/100 - 0 seconds.
Utilisateurs traités: 73/100 - 0 seconds.
Utilisateurs traités: 74/100 - 0 seconds.
Utilisateurs traités: 75/100 - 0 seconds.
Utilisateurs traités: 77/100 - 0 seconds.
Utilisateurs traités: 76/100 - 0 seconds.
Utilisateurs traités: 78/100 - 0 seconds.
Utilisateurs traités: 79/100 - 0 seconds.
Utilisateurs traités: 80/100 - 0 seconds.
Utilisateurs traités: 81/100 - 0 seconds.
Utilisateurs traités: 82/100 - 0 seconds.
Utilisateurs traités: 83/100 - 0 seconds.
Utilisateurs traités: 84/100 - 0 seconds.
Utilisateurs traités: 85/100 - 0 seconds.
Utilisateurs traités: 86/100 - 0 seconds.
Utilisateurs traités: 87/100 - 0 seconds.
Utilisateurs traités: 88/100 - 0 seconds.
Utilisateurs traités: 89/100 - 0 seconds.
Utilisateurs traités: 90/100 - 0 seconds.
Utilisateurs traités: 91/100 - 0 seconds.
Utilisateurs traités: 92/100 - 0 seconds.
Utilisateurs traités: 93/100 - 0 seconds.
Utilisateurs traités: 94/100 - 0 seconds.
Utilisateurs traités: 95/100 - 0 seconds.
Utilisateurs traités: 96/100 - 0 seconds.
Utilisateurs traités: 97/100 - 0 seconds.
Utilisateurs traités: 98/100 - 0 seconds.
Utilisateurs traités: 99/100 - 0 seconds.
Utilisateurs traités: 100/100 - 0 seconds.
highVolumeTrackLocation: Time Elapsed: 0 seconds.
]]></system-out>
  </testcase>
  <testcase name="highVolumeGetRewards" classname="com.openclassrooms.tourguide.TestPerformance" time="1.743">
    <system-out><![CDATA[12:09:08.580 [main] INFO com.openclassrooms.tourguide.service.TourGuideService -- TestMode enabled

Début du calcul des récompenses - Lots: 10
Attraction ajoutée: Disneyland (#1/26)
Progrès: 1/100
Attraction ajoutée: Disneyland (#1/26)
Progrès: 2/100
Attraction ajoutée: Disneyland (#1/26)
Progrès: 3/100
Attraction ajoutée: Disneyland (#1/26)
Progrès: 4/100
Attraction ajoutée: Disneyland (#1/26)
Progrès: 5/100
Attraction ajoutée: Disneyland (#1/26)
Progrès: 6/100
Attraction ajoutée: Disneyland (#1/26)
Progrès: 7/100
Attraction ajoutée: Disneyland (#1/26)
Progrès: 8/100
Attraction ajoutée: Disneyland (#1/26)
Progrès: 9/100
Attraction ajoutée: Disneyland (#1/26)
Progrès: 10/100
Attraction ajoutée: Disneyland (#1/26)
Progrès: 11/100
Attraction ajoutée: Disneyland (#1/26)
Attraction ajoutée: Disneyland (#1/26)
Progrès: 12/100
Progrès: 13/100
Attraction ajoutée: Disneyland (#1/26)
Progrès: 14/100
Attraction ajoutée: Disneyland (#1/26)
Progrès: 15/100
Attraction ajoutée: Disneyland (#1/26)
Progrès: 16/100
Attraction ajoutée: Disneyland (#1/26)
Progrès: 17/100
Attraction ajoutée: Disneyland (#1/26)
Progrès: 18/100
Attraction ajoutée: Disneyland (#1/26)
Progrès: 19/100
Attraction ajoutée: Disneyland (#1/26)
Progrès: 20/100
Attraction ajoutée: Disneyland (#1/26)
Progrès: 21/100
Attraction ajoutée: Disneyland (#1/26)
Progrès: 22/100
Attraction ajoutée: Disneyland (#1/26)
Attraction ajoutée: Disneyland (#1/26)
Progrès: 23/100
Progrès: 24/100
Attraction ajoutée: Disneyland (#1/26)
Progrès: 25/100
Attraction ajoutée: Disneyland (#1/26)
Progrès: 26/100
Attraction ajoutée: Disneyland (#1/26)
Attraction ajoutée: Disneyland (#1/26)
Progrès: 28/100
Progrès: 27/100
Attraction ajoutée: Disneyland (#1/26)
Progrès: 29/100
Attraction ajoutée: Disneyland (#1/26)
Progrès: 30/100
Attraction ajoutée: Disneyland (#1/26)
Progrès: 31/100
Attraction ajoutée: Disneyland (#1/26)
Progrès: 32/100
Attraction ajoutée: Disneyland (#1/26)
Progrès: 33/100
Attraction ajoutée: Disneyland (#1/26)
Progrès: 34/100
Attraction ajoutée: Disneyland (#1/26)
Attraction ajoutée: Disneyland (#1/26)
Progrès: 35/100
Progrès: 36/100
Attraction ajoutée: Disneyland (#1/26)
Progrès: 37/100
Attraction ajoutée: Disneyland (#1/26)
Progrès: 38/100
Attraction ajoutée: Disneyland (#1/26)
Progrès: 39/100
Attraction ajoutée: Disneyland (#1/26)
Progrès: 40/100
Attraction ajoutée: Disneyland (#1/26)
Progrès: 41/100
Attraction ajoutée: Disneyland (#1/26)
Progrès: 42/100
Attraction ajoutée: Disneyland (#1/26)
Progrès: 43/100
Attraction ajoutée: Disneyland (#1/26)
Attraction ajoutée: Disneyland (#1/26)
Progrès: 44/100
Progrès: 45/100
Attraction ajoutée: Disneyland (#1/26)
Progrès: 46/100
Attraction ajoutée: Disneyland (#1/26)
Progrès: 47/100
Attraction ajoutée: Disneyland (#1/26)
Progrès: 48/100
Attraction ajoutée: Disneyland (#1/26)
Progrès: 49/100
Attraction ajoutée: Disneyland (#1/26)
Progrès: 50/100
Attraction ajoutée: Disneyland (#1/26)
Progrès: 51/100
Attraction ajoutée: Disneyland (#1/26)
Progrès: 52/100
Attraction ajoutée: Disneyland (#1/26)
Progrès: 53/100
Attraction ajoutée: Disneyland (#1/26)
Progrès: 54/100
Attraction ajoutée: Disneyland (#1/26)
Progrès: 55/100
Attraction ajoutée: Disneyland (#1/26)
Progrès: 56/100
Attraction ajoutée: Disneyland (#1/26)
Progrès: 57/100
Attraction ajoutée: Disneyland (#1/26)
Progrès: 58/100
Attraction ajoutée: Disneyland (#1/26)
Progrès: 59/100
Attraction ajoutée: Disneyland (#1/26)
Progrès: 60/100
Attraction ajoutée: Disneyland (#1/26)
Progrès: 61/100
Attraction ajoutée: Disneyland (#1/26)
Progrès: 62/100
Attraction ajoutée: Disneyland (#1/26)
Progrès: 63/100
Attraction ajoutée: Disneyland (#1/26)
Progrès: 64/100
Attraction ajoutée: Disneyland (#1/26)
Attraction ajoutée: Disneyland (#1/26)
Progrès: 65/100
Attraction ajoutée: Disneyland (#1/26)
Progrès: 66/100
Attraction ajoutée: Disneyland (#1/26)
Progrès: 67/100
Attraction ajoutée: Disneyland (#1/26)
Progrès: 68/100
Attraction ajoutée: Disneyland (#1/26)
Progrès: 69/100
Attraction ajoutée: Disneyland (#1/26)
Progrès: 70/100
Attraction ajoutée: Disneyland (#1/26)
Progrès: 71/100
Attraction ajoutée: Disneyland (#1/26)
Progrès: 72/100
Attraction ajoutée: Disneyland (#1/26)
Progrès: 73/100
Attraction ajoutée: Disneyland (#1/26)
Progrès: 74/100
Attraction ajoutée: Disneyland (#1/26)
Progrès: 75/100
Attraction ajoutée: Disneyland (#1/26)
Attraction ajoutée: Disneyland (#1/26)
Progrès: 76/100
Progrès: 77/100
Attraction ajoutée: Disneyland (#1/26)
Progrès: 78/100
Attraction ajoutée: Disneyland (#1/26)
Progrès: 79/100
Attraction ajoutée: Disneyland (#1/26)
Progrès: 80/100
Attraction ajoutée: Disneyland (#1/26)
Progrès: 81/100
Attraction ajoutée: Disneyland (#1/26)
Progrès: 82/100
Attraction ajoutée: Disneyland (#1/26)
Progrès: 83/100
Attraction ajoutée: Disneyland (#1/26)
Progrès: 84/100
Attraction ajoutée: Disneyland (#1/26)
Progrès: 85/100
Attraction ajoutée: Disneyland (#1/26)
Progrès: 86/100
Attraction ajoutée: Disneyland (#1/26)
Progrès: 87/100
Attraction ajoutée: Disneyland (#1/26)
Progrès: 88/100
Attraction ajoutée: Disneyland (#1/26)
Progrès: 89/100
Attraction ajoutée: Disneyland (#1/26)
Progrès: 90/100
Attraction ajoutée: Disneyland (#1/26)
Progrès: 91/100
Attraction ajoutée: Disneyland (#1/26)
Progrès: 92/100
Attraction ajoutée: Disneyland (#1/26)
Progrès: 93/100
Attraction ajoutée: Disneyland (#1/26)
Attraction ajoutée: Disneyland (#1/26)
Progrès: 95/100
Progrès: 94/100
Attraction ajoutée: Disneyland (#1/26)
Progrès: 96/100
Attraction ajoutée: Disneyland (#1/26)
Progrès: 97/100
Attraction ajoutée: Disneyland (#1/26)
Progrès: 98/100
Attraction ajoutée: Disneyland (#1/26)
Progrès: 99/100
Attraction ajoutée: Disneyland (#1/26)
Progrès: 100/100
highVolumeGetRewards: 1 seconds.
]]></system-out>
  </testcase>
</testsuite>